<?xml version="1.0" encoding="UTF-8"?>
<testng-results ignored="0" total="2" passed="2" failed="0" skipped="0">
  <reporter-output>
  </reporter-output>
  <suite started-at="2021-08-01T00:44:15 IST" name="Default suite" finished-at="2021-08-01T00:44:33 IST" duration-ms="18406">
    <groups>
    </groups>
    <test started-at="2021-08-01T00:44:15 IST" name="Default test" finished-at="2021-08-01T00:44:33 IST" duration-ms="18406">
      <class name="com.testpackage.demoLogin">
        <test-method is-config="true" signature="setUp()[pri:0, instance:com.testpackage.demoLogin@a2431d0]" started-at="2021-08-01T00:44:15 IST" name="setUp" finished-at="2021-08-01T00:44:24 IST" duration-ms="9192" status="PASS">
          <reporter-output>
          </reporter-output>
        </test-method> <!-- setUp -->
        <test-method signature="titleTest()[pri:1, instance:com.testpackage.demoLogin@a2431d0]" started-at="2021-08-01T00:44:24 IST" name="titleTest" finished-at="2021-08-01T00:44:24 IST" duration-ms="21" status="PASS">
          <reporter-output>
          </reporter-output>
        </test-method> <!-- titleTest -->
        <test-method is-config="true" signature="quit()[pri:0, instance:com.testpackage.demoLogin@a2431d0]" started-at="2021-08-01T00:44:24 IST" name="quit" finished-at="2021-08-01T00:44:26 IST" duration-ms="1337" status="PASS">
          <reporter-output>
          </reporter-output>
        </test-method> <!-- quit -->
        <test-method is-config="true" signature="setUp()[pri:0, instance:com.testpackage.demoLogin@a2431d0]" started-at="2021-08-01T00:44:26 IST" name="setUp" finished-at="2021-08-01T00:44:33 IST" duration-ms="7087" status="PASS">
          <reporter-output>
          </reporter-output>
        </test-method> <!-- setUp -->
        <test-method signature="logoTest()[pri:2, instance:com.testpackage.demoLogin@a2431d0]" started-at="2021-08-01T00:44:33 IST" name="logoTest" finished-at="2021-08-01T00:44:33 IST" duration-ms="62" status="PASS">
          <reporter-output>
          </reporter-output>
        </test-method> <!-- logoTest -->
        <test-method is-config="true" signature="quit()[pri:0, instance:com.testpackage.demoLogin@a2431d0]" started-at="2021-08-01T00:44:33 IST" name="quit" finished-at="2021-08-01T00:44:33 IST" duration-ms="663" status="PASS">
          <reporter-output>
          </reporter-output>
        </test-method> <!-- quit -->
      </class> <!-- com.testpackage.demoLogin -->
    </test> <!-- Default test -->
  </suite> <!-- Default suite -->
</testng-results>
